<?xml version="1.0" encoding="UTF-8"?>
<!-- Generated by org.testng.reporters.JUnitReportReporter -->
<testsuite hostname="DESKTOP-2F8NI4A" failures="0" tests="1" name="TestScripts.TC3" time="61.640" errors="0" timestamp="2023-09-14T15:24:34 BST" skipped="0">
  <testcase classname="TestScripts.TC3" name="Testcase3" time="61.640"/>
</testsuite> <!-- TestScripts.TC3 -->
