<?xml version="1.0" encoding="UTF-8"?>
<!-- Generated by org.testng.reporters.JUnitReportReporter -->
<testsuite hostname="DESKTOP-2F8NI4A" failures="0" tests="1" name="TestScripts.TC2" time="52.579" errors="0" timestamp="2023-09-14T15:20:24 BST" skipped="0">
  <testcase classname="TestScripts.TC2" name="Testcase2" time="52.579"/>
</testsuite> <!-- TestScripts.TC2 -->
