<?xml version="1.0" encoding="UTF-8"?>
<!-- Generated by org.testng.reporters.JUnitReportReporter -->
<testsuite hostname="DESKTOP-2F8NI4A" failures="0" tests="1" name="TestScripts.TC1" time="56.769" errors="0" timestamp="2023-09-15T16:22:59 BST" skipped="0">
  <testcase classname="TestScripts.TC1" name="Testcase1" time="56.769"/>
</testsuite> <!-- TestScripts.TC1 -->
