<?xml version="1.0" encoding="UTF-8"?>
<!-- Generated by org.testng.reporters.JUnitReportReporter -->
<testsuite hostname="DESKTOP-2F8NI4A" failures="0" tests="1" name="TestScripts.TC4" time="53.125" errors="0" timestamp="2023-09-14T15:27:14 BST" skipped="0">
  <testcase classname="TestScripts.TC4" name="Testcase4" time="53.125"/>
</testsuite> <!-- TestScripts.TC4 -->
