<?xml version="1.0" encoding="UTF-8"?>
<!-- Generated by org.testng.reporters.JUnitReportReporter -->
<testsuite hostname="DESKTOP-2F8NI4A" failures="0" tests="1" name="TestScripts.TC5" time="58.219" errors="0" timestamp="2023-09-14T15:28:20 BST" skipped="0">
  <testcase classname="TestScripts.TC5" name="Testcase5" time="58.219"/>
</testsuite> <!-- TestScripts.TC5 -->
