<?xml version="1.0" encoding="UTF-8"?>
<!-- Generated by org.testng.reporters.JUnitReportReporter -->
<testsuite hostname="DESKTOP-2F8NI4A" failures="0" tests="1" name="TestScripts.TC6" time="75.379" errors="0" timestamp="2023-09-14T15:29:38 BST" skipped="0">
  <testcase classname="TestScripts.TC6" name="Testcase6" time="75.379"/>
</testsuite> <!-- TestScripts.TC6 -->
